<?xml version="1.0" encoding="UTF-8" ?>
<testsuite tests="2" failures="0" name="org.example.kvstore.StoreTest" time="3.001" errors="2" skipped="0">
  <properties>
[...]
</properties>
  <testcase classname="org.example.kvstore.StoreTest" name="multipleStores" time="2.947">
    <error type="java.lang.NullPointerException">java.lang.NullPointerException
	at org.example.kvstore.StoreTest.multipleStores(StoreTest.java:38)
	at java.base/jdk.internal.reflect.NativeMethodAccessorImpl.invoke0(Native Method)
	at java.base/jdk.internal.reflect.NativeMethodAccessorImpl.invoke(NativeMethodAccessorImpl.java:62)
	at java.base/jdk.internal.reflect.DelegatingMethodAccessorImpl.invoke(DelegatingMethodAccessorImpl.java:43)
	at java.base/java.lang.reflect.Method.invoke(Method.java:566)
	at org.junit.runners.model.FrameworkMethod$1.runReflectiveCall(FrameworkMethod.java:45)
	at org.junit.internal.runners.model.ReflectiveCallable.run(ReflectiveCallable.java:15)
	at org.junit.runners.model.FrameworkMethod.invokeExplosively(FrameworkMethod.java:42)
	at org.junit.internal.runners.statements.InvokeMethod.evaluate(InvokeMethod.java:20)
	at org.junit.runners.ParentRunner.runLeaf(ParentRunner.java:263)
	at org.junit.runners.BlockJUnit4ClassRunner.runChild(BlockJUnit4ClassRunner.java:68)
	at org.junit.runners.BlockJUnit4ClassRunner.runChild(BlockJUnit4ClassRunner.java:47)
	at org.junit.runners.ParentRunner$3.run(ParentRunner.java:231)
	at org.junit.runners.ParentRunner$1.schedule(ParentRunner.java:60)
	at org.junit.runners.ParentRunner.runChildren(ParentRunner.java:229)
	at org.junit.runners.ParentRunner.access$000(ParentRunner.java:50)
	at org.junit.runners.ParentRunner$2.evaluate(ParentRunner.java:222)
	at org.junit.runners.ParentRunner.run(ParentRunner.java:300)
	at org.apache.maven.surefire.junit4.JUnit4Provider.execute(JUnit4Provider.java:252)
	at org.apache.maven.surefire.junit4.JUnit4Provider.executeTestSet(JUnit4Provider.java:141)
	at org.apache.maven.surefire.junit4.JUnit4Provider.invoke(JUnit4Provider.java:112)
	at java.base/jdk.internal.reflect.NativeMethodAccessorImpl.invoke0(Native Method)
	at java.base/jdk.internal.reflect.NativeMethodAccessorImpl.invoke(NativeMethodAccessorImpl.java:62)
	at java.base/jdk.internal.reflect.DelegatingMethodAccessorImpl.invoke(DelegatingMethodAccessorImpl.java:43)
	at java.base/java.lang.reflect.Method.invoke(Method.java:566)
	at org.apache.maven.surefire.util.ReflectionUtils.invokeMethodWithArray(ReflectionUtils.java:189)
	at org.apache.maven.surefire.booter.ProviderFactory$ProviderProxy.invoke(ProviderFactory.java:165)
	at org.apache.maven.surefire.booter.ProviderFactory.invokeProvider(ProviderFactory.java:85)
	at org.apache.maven.surefire.booter.ForkedBooter.runSuitesInProcess(ForkedBooter.java:115)
	at org.apache.maven.surefire.booter.ForkedBooter.main(ForkedBooter.java:75)
</error>
    <system-out>
-------------------------------------------------------------------
GMS: address=archie-63303, cluster=ChatCluster, physical address=fe80:0:0:0:723:9f02:227f:dfa3%2:38804
-------------------------------------------------------------------

-------------------------------------------------------------------
GMS: address=archie-15199, cluster=ChatCluster, physical address=fe80:0:0:0:723:9f02:227f:dfa3%2:55036
-------------------------------------------------------------------

-------------------------------------------------------------------
GMS: address=archie-28785, cluster=ChatCluster, physical address=fe80:0:0:0:723:9f02:227f:dfa3%2:53778
-------------------------------------------------------------------
</system-out>
    <system-err>Dec 13, 2021 5:31:22 PM org.jgroups.protocols.UDP setBufferSize
WARNING: JGRP000015: the send buffer of socket MulticastSocket was set to 5MB, but the OS only allocated 212.99KB. This might lead to performance problems. Please set your max send buffer in the OS correctly (e.g. net.core.wmem_max on Linux)
Dec 13, 2021 5:31:22 PM org.jgroups.protocols.UDP setBufferSize
WARNING: JGRP000015: the receive buffer of socket MulticastSocket was set to 5MB, but the OS only allocated 212.99KB. This might lead to performance problems. Please set your max receive buffer in the OS correctly (e.g. net.core.rmem_max on Linux)
Dec 13, 2021 5:31:22 PM org.jgroups.protocols.UDP setBufferSize
WARNING: JGRP000015: the send buffer of socket MulticastSocket was set to 5MB, but the OS only allocated 212.99KB. This might lead to performance problems. Please set your max send buffer in the OS correctly (e.g. net.core.wmem_max on Linux)
Dec 13, 2021 5:31:22 PM org.jgroups.protocols.UDP setBufferSize
WARNING: JGRP000015: the receive buffer of socket MulticastSocket was set to 5MB, but the OS only allocated 212.99KB. This might lead to performance problems. Please set your max receive buffer in the OS correctly (e.g. net.core.rmem_max on Linux)
Dec 13, 2021 5:31:24 PM org.jgroups.protocols.UDP setBufferSize
WARNING: JGRP000015: the send buffer of socket MulticastSocket was set to 5MB, but the OS only allocated 212.99KB. This might lead to performance problems. Please set your max send buffer in the OS correctly (e.g. net.core.wmem_max on Linux)
Dec 13, 2021 5:31:24 PM org.jgroups.protocols.UDP setBufferSize
WARNING: JGRP000015: the receive buffer of socket MulticastSocket was set to 5MB, but the OS only allocated 212.99KB. This might lead to performance problems. Please set your max receive buffer in the OS correctly (e.g. net.core.rmem_max on Linux)
Dec 13, 2021 5:31:24 PM org.jgroups.protocols.UDP setBufferSize
WARNING: JGRP000015: the send buffer of socket MulticastSocket was set to 5MB, but the OS only allocated 212.99KB. This might lead to performance problems. Please set your max send buffer in the OS correctly (e.g. net.core.wmem_max on Linux)
Dec 13, 2021 5:31:24 PM org.jgroups.protocols.UDP setBufferSize
WARNING: JGRP000015: the receive buffer of socket MulticastSocket was set to 5MB, but the OS only allocated 212.99KB. This might lead to performance problems. Please set your max receive buffer in the OS correctly (e.g. net.core.rmem_max on Linux)
Dec 13, 2021 5:31:24 PM org.jgroups.protocols.UDP setBufferSize
WARNING: JGRP000015: the send buffer of socket MulticastSocket was set to 5MB, but the OS only allocated 212.99KB. This might lead to performance problems. Please set your max send buffer in the OS correctly (e.g. net.core.wmem_max on Linux)
Dec 13, 2021 5:31:24 PM org.jgroups.protocols.UDP setBufferSize
WARNING: JGRP000015: the receive buffer of socket MulticastSocket was set to 5MB, but the OS only allocated 212.99KB. This might lead to performance problems. Please set your max receive buffer in the OS correctly (e.g. net.core.rmem_max on Linux)
Dec 13, 2021 5:31:24 PM org.jgroups.protocols.UDP setBufferSize
WARNING: JGRP000015: the send buffer of socket MulticastSocket was set to 5MB, but the OS only allocated 212.99KB. This might lead to performance problems. Please set your max send buffer in the OS correctly (e.g. net.core.wmem_max on Linux)
Dec 13, 2021 5:31:24 PM org.jgroups.protocols.UDP setBufferSize
WARNING: JGRP000015: the receive buffer of socket MulticastSocket was set to 5MB, but the OS only allocated 212.99KB. This might lead to performance problems. Please set your max receive buffer in the OS correctly (e.g. net.core.rmem_max on Linux)
</system-err>
  </testcase>
  <testcase classname="org.example.kvstore.StoreTest" name="baseOperations" time="0.054">
    <error type="java.lang.NullPointerException">java.lang.NullPointerException
	at org.example.kvstore.StoreTest.baseOperations(StoreTest.java:18)
	at java.base/jdk.internal.reflect.NativeMethodAccessorImpl.invoke0(Native Method)
	at java.base/jdk.internal.reflect.NativeMethodAccessorImpl.invoke(NativeMethodAccessorImpl.java:62)
	at java.base/jdk.internal.reflect.DelegatingMethodAccessorImpl.invoke(DelegatingMethodAccessorImpl.java:43)
	at java.base/java.lang.reflect.Method.invoke(Method.java:566)
	at org.junit.runners.model.FrameworkMethod$1.runReflectiveCall(FrameworkMethod.java:45)
	at org.junit.internal.runners.model.ReflectiveCallable.run(ReflectiveCallable.java:15)
	at org.junit.runners.model.FrameworkMethod.invokeExplosively(FrameworkMethod.java:42)
	at org.junit.internal.runners.statements.InvokeMethod.evaluate(InvokeMethod.java:20)
	at org.junit.runners.ParentRunner.runLeaf(ParentRunner.java:263)
	at org.junit.runners.BlockJUnit4ClassRunner.runChild(BlockJUnit4ClassRunner.java:68)
	at org.junit.runners.BlockJUnit4ClassRunner.runChild(BlockJUnit4ClassRunner.java:47)
	at org.junit.runners.ParentRunner$3.run(ParentRunner.java:231)
	at org.junit.runners.ParentRunner$1.schedule(ParentRunner.java:60)
	at org.junit.runners.ParentRunner.runChildren(ParentRunner.java:229)
	at org.junit.runners.ParentRunner.access$000(ParentRunner.java:50)
	at org.junit.runners.ParentRunner$2.evaluate(ParentRunner.java:222)
	at org.junit.runners.ParentRunner.run(ParentRunner.java:300)
	at org.apache.maven.surefire.junit4.JUnit4Provider.execute(JUnit4Provider.java:252)
	at org.apache.maven.surefire.junit4.JUnit4Provider.executeTestSet(JUnit4Provider.java:141)
	at org.apache.maven.surefire.junit4.JUnit4Provider.invoke(JUnit4Provider.java:112)
	at java.base/jdk.internal.reflect.NativeMethodAccessorImpl.invoke0(Native Method)
	at java.base/jdk.internal.reflect.NativeMethodAccessorImpl.invoke(NativeMethodAccessorImpl.java:62)
	at java.base/jdk.internal.reflect.DelegatingMethodAccessorImpl.invoke(DelegatingMethodAccessorImpl.java:43)
	at java.base/java.lang.reflect.Method.invoke(Method.java:566)
	at org.apache.maven.surefire.util.ReflectionUtils.invokeMethodWithArray(ReflectionUtils.java:189)
	at org.apache.maven.surefire.booter.ProviderFactory$ProviderProxy.invoke(ProviderFactory.java:165)
	at org.apache.maven.surefire.booter.ProviderFactory.invokeProvider(ProviderFactory.java:85)
	at org.apache.maven.surefire.booter.ForkedBooter.runSuitesInProcess(ForkedBooter.java:115)
	at org.apache.maven.surefire.booter.ForkedBooter.main(ForkedBooter.java:75)
</error>
    <system-out>
-------------------------------------------------------------------
GMS: address=archie-17326, cluster=ChatCluster, physical address=fe80:0:0:0:723:9f02:227f:dfa3%2:43588
-------------------------------------------------------------------
YOOOOO
</system-out>
    <system-err>Dec 13, 2021 5:31:24 PM org.jgroups.protocols.UDP setBufferSize
WARNING: JGRP000015: the send buffer of socket MulticastSocket was set to 5MB, but the OS only allocated 212.99KB. This might lead to performance problems. Please set your max send buffer in the OS correctly (e.g. net.core.wmem_max on Linux)
Dec 13, 2021 5:31:24 PM org.jgroups.protocols.UDP setBufferSize
WARNING: JGRP000015: the receive buffer of socket MulticastSocket was set to 5MB, but the OS only allocated 212.99KB. This might lead to performance problems. Please set your max receive buffer in the OS correctly (e.g. net.core.rmem_max on Linux)
Dec 13, 2021 5:31:24 PM org.jgroups.protocols.UDP setBufferSize
WARNING: JGRP000015: the send buffer of socket MulticastSocket was set to 5MB, but the OS only allocated 212.99KB. This might lead to performance problems. Please set your max send buffer in the OS correctly (e.g. net.core.wmem_max on Linux)
Dec 13, 2021 5:31:24 PM org.jgroups.protocols.UDP setBufferSize
WARNING: JGRP000015: the receive buffer of socket MulticastSocket was set to 5MB, but the OS only allocated 212.99KB. This might lead to performance problems. Please set your max receive buffer in the OS correctly (e.g. net.core.rmem_max on Linux)
</system-err>
  </testcase>
</testsuite>